<SECTION=HEADER>
<FILE_VERSION=0.1>
<DATE/TIME=06-12-2020 16:23:28>
<USER_NAME=dummy_user>
<CLASS_NAME=dummy_class>
</SECTION>

<SECTION=ATTEMPT>
<DATE/TIME=06-12-2020 16:23:33>
LEVEL=the lift
<USER_PROGRAM>
print(x)
</USER_PROGRAM>
<ERROR>
'x' is not defined.
</ERROR>
</SECTION>

<SECTION=ATTEMPT>
<DATE/TIME=06-12-2020 16:23:38>
LEVEL=the lift
<USER_PROGRAM>
print(x)
</USER_PROGRAM>
<ERROR>
'x' is not defined.
</ERROR>
</SECTION>

<SECTION=ATTEMPT>
<DATE/TIME=06-12-2020 16:23:55>
LEVEL=the lift
<USER_PROGRAM>
x=2
print(x);
</USER_PROGRAM>
</SECTION>

