<SECTION=HEADER>
<FILE_VERSION=0.1>
<DATE/TIME=06-12-2020 13:01:25>
<USER_NAME=dummy_user>
<CLASS_NAME=dummy_class>
</SECTION>

<SECTION=ATTEMPT>
<DATE/TIME=06-12-2020 13:01:36>
LEVEL=the lift
<USER_PROGRAM>
print("test")
</USER_PROGRAM>
</SECTION>

<SECTION=ATTEMPT>
<DATE/TIME=06-12-2020 13:01:40>
LEVEL=the lift
<USER_PROGRAM>
print("test")
</USER_PROGRAM>
</SECTION>

<SECTION=ATTEMPT>
<DATE/TIME=06-12-2020 13:01:43>
LEVEL=the lift
<USER_PROGRAM>
print("test")
</USER_PROGRAM>
</SECTION>

<SECTION=ATTEMPT>
<DATE/TIME=06-12-2020 13:01:48>
LEVEL=the lift
<USER_PROGRAM>
print("test")
</USER_PROGRAM>
</SECTION>

<SECTION=ATTEMPT>
<DATE/TIME=06-12-2020 13:01:52>
LEVEL=the lift
<USER_PROGRAM>
print("test")
</USER_PROGRAM>
</SECTION>

<SECTION=ATTEMPT>
<DATE/TIME=06-12-2020 13:02:00>
LEVEL=the lift
<USER_PROGRAM>
print("test")
</USER_PROGRAM>
</SECTION>

