<SECTION=HEADER>
<FILE_VERSION=0.1>
<DATE/TIME=06-12-2020 14:11:54>
<USER_NAME=dummy_user>
<CLASS_NAME=dummy_class>
</SECTION>

<SECTION=ATTEMPT>
<DATE/TIME=06-12-2020 14:12:06>
LEVEL=the lift
<USER_PROGRAM>
x = (1,2)
</USER_PROGRAM>
<ERROR>
SUCCESS
</ERROR>
</SECTION>

<SECTION=ATTEMPT>
<DATE/TIME=06-12-2020 14:12:17>
LEVEL=the lift
<USER_PROGRAM>
x = (1,2)
print(x)
</USER_PROGRAM>
<ERROR>
SUCCESS
</ERROR>
</SECTION>

<SECTION=ATTEMPT>
<DATE/TIME=06-12-2020 14:12:47>
LEVEL=the lift
<USER_PROGRAM>
x = 1
y = 2
z = (x,y)
</USER_PROGRAM>
<ERROR>
Unrecognised bytecode: BUILD_TUPLE
</ERROR>
</SECTION>

<SECTION=ATTEMPT>
<DATE/TIME=06-12-2020 14:12:47>
LEVEL=the lift
<USER_PROGRAM>
x = 1
y = 2
z = (x,y)
</USER_PROGRAM>
<ERROR>
Unrecognised bytecode: BUILD_TUPLE
</ERROR>
</SECTION>

<SECTION=ATTEMPT>
<DATE/TIME=06-12-2020 14:12:47>
LEVEL=the lift
<USER_PROGRAM>
x = 1
y = 2
z = (x,y)
</USER_PROGRAM>
<ERROR>
Unrecognised bytecode: BUILD_TUPLE
</ERROR>
</SECTION>

<SECTION=ATTEMPT>
<DATE/TIME=06-12-2020 14:12:47>
LEVEL=the lift
<USER_PROGRAM>
x = 1
y = 2
z = (x,y)
</USER_PROGRAM>
<ERROR>
Unrecognised bytecode: BUILD_TUPLE
</ERROR>
</SECTION>

<SECTION=ATTEMPT>
<DATE/TIME=06-12-2020 14:12:47>
LEVEL=the lift
<USER_PROGRAM>
x = 1
y = 2
z = (x,y)
</USER_PROGRAM>
<ERROR>
Unrecognised bytecode: BUILD_TUPLE
</ERROR>
</SECTION>

<SECTION=ATTEMPT>
<DATE/TIME=06-12-2020 14:12:47>
LEVEL=the lift
<USER_PROGRAM>
x = 1
y = 2
z = (x,y)
</USER_PROGRAM>
<ERROR>
Unrecognised bytecode: BUILD_TUPLE
</ERROR>
</SECTION>

