<SECTION=HEADER>
<FILE_VERSION=0.1>
<DATE/TIME=06-12-2020 13:38:45>
<USER_NAME=dummy_user>
<CLASS_NAME=dummy_class>
</SECTION>

<SECTION=ATTEMPT>
<DATE/TIME=06-12-2020 13:38:57>
LEVEL=the lift
<USER_PROGRAM>
print("test")
</USER_PROGRAM>
</SECTION>

<SECTION=ATTEMPT>
<DATE/TIME=06-12-2020 13:39:11>
LEVEL=the lift
<USER_PROGRAM>
print("test")
</USER_PROGRAM>
</SECTION>

<SECTION=ATTEMPT>
<DATE/TIME=06-12-2020 13:39:14>
LEVEL=the lift
<USER_PROGRAM>
print("test")
</USER_PROGRAM>
</SECTION>

<SECTION=ATTEMPT>
<DATE/TIME=06-12-2020 13:39:16>
LEVEL=the lift
<USER_PROGRAM>
print("test")
</USER_PROGRAM>
</SECTION>

<SECTION=ATTEMPT>
<DATE/TIME=06-12-2020 13:39:22>
LEVEL=the lift
<USER_PROGRAM>
print("test")
</USER_PROGRAM>
</SECTION>

<SECTION=ATTEMPT>
<DATE/TIME=06-12-2020 13:39:33>
LEVEL=the lift
<USER_PROGRAM>
print("test")
</USER_PROGRAM>
</SECTION>

