<SECTION=HEADER>
<FILE_VERSION=0.1>
<DATE/TIME=06-12-2020 12:56:10>
<USER_NAME=dummy_user>
<CLASS_NAME=dummy_class>
</SECTION>

<SECTION=ATTEMPT>
<DATE/TIME=06-12-2020 12:56:20>
LEVEL=the lift
<USER_PROGRAM>
print("test")
</USER_PROGRAM>
</SECTION>

<SECTION=ATTEMPT>
<DATE/TIME=06-12-2020 12:56:20>
LEVEL=the lift
<USER_PROGRAM>
print("test")
</USER_PROGRAM>
</SECTION>

<SECTION=ATTEMPT>
<DATE/TIME=06-12-2020 12:56:20>
LEVEL=the lift
<USER_PROGRAM>
print("test")
</USER_PROGRAM>
</SECTION>

<SECTION=ATTEMPT>
<DATE/TIME=06-12-2020 12:56:20>
LEVEL=the lift
<USER_PROGRAM>
print("test")
</USER_PROGRAM>
</SECTION>

<SECTION=ATTEMPT>
<DATE/TIME=06-12-2020 12:56:20>
LEVEL=the lift
<USER_PROGRAM>
print("test")
</USER_PROGRAM>
</SECTION>

<SECTION=ATTEMPT>
<DATE/TIME=06-12-2020 12:56:20>
LEVEL=the lift
<USER_PROGRAM>
print("test")
</USER_PROGRAM>
</SECTION>

<SECTION=ATTEMPT>
<DATE/TIME=06-12-2020 12:56:20>
LEVEL=the lift
<USER_PROGRAM>
print("test")
</USER_PROGRAM>
</SECTION>

<SECTION=ATTEMPT>
<DATE/TIME=06-12-2020 12:56:20>
LEVEL=the lift
<USER_PROGRAM>
print("test")
</USER_PROGRAM>
</SECTION>

<SECTION=ATTEMPT>
<DATE/TIME=06-12-2020 12:56:20>
LEVEL=the lift
<USER_PROGRAM>
print("test")
</USER_PROGRAM>
</SECTION>

<SECTION=ATTEMPT>
<DATE/TIME=06-12-2020 12:56:20>
LEVEL=the lift
<USER_PROGRAM>
print("test")
</USER_PROGRAM>
</SECTION>

<SECTION=ATTEMPT>
<DATE/TIME=06-12-2020 12:56:20>
LEVEL=the lift
<USER_PROGRAM>
print("test")
</USER_PROGRAM>
</SECTION>

<SECTION=ATTEMPT>
<DATE/TIME=06-12-2020 12:56:20>
LEVEL=the lift
<USER_PROGRAM>
print("test")
</USER_PROGRAM>
</SECTION>

<SECTION=ATTEMPT>
<DATE/TIME=06-12-2020 12:56:20>
LEVEL=the lift
<USER_PROGRAM>
print("test")
</USER_PROGRAM>
</SECTION>

<SECTION=ATTEMPT>
<DATE/TIME=06-12-2020 12:56:20>
LEVEL=the lift
<USER_PROGRAM>
print("test")
</USER_PROGRAM>
</SECTION>

<SECTION=ATTEMPT>
<DATE/TIME=06-12-2020 12:56:20>
LEVEL=the lift
<USER_PROGRAM>
print("test")
</USER_PROGRAM>
</SECTION>

<SECTION=ATTEMPT>
<DATE/TIME=06-12-2020 12:56:20>
LEVEL=the lift
<USER_PROGRAM>
print("test")
</USER_PROGRAM>
</SECTION>

<SECTION=ATTEMPT>
<DATE/TIME=06-12-2020 12:56:20>
LEVEL=the lift
<USER_PROGRAM>
print("test")
</USER_PROGRAM>
</SECTION>

<SECTION=ATTEMPT>
<DATE/TIME=06-12-2020 12:56:20>
LEVEL=the lift
<USER_PROGRAM>
print("test")
</USER_PROGRAM>
</SECTION>

<SECTION=ATTEMPT>
<DATE/TIME=06-12-2020 12:56:20>
LEVEL=the lift
<USER_PROGRAM>
print("test")
</USER_PROGRAM>
</SECTION>

<SECTION=ATTEMPT>
<DATE/TIME=06-12-2020 12:56:20>
LEVEL=the lift
<USER_PROGRAM>
print("test")
</USER_PROGRAM>
</SECTION>

<SECTION=ATTEMPT>
<DATE/TIME=06-12-2020 12:56:20>
LEVEL=the lift
<USER_PROGRAM>
print("test")
</USER_PROGRAM>
</SECTION>

<SECTION=ATTEMPT>
<DATE/TIME=06-12-2020 12:56:20>
LEVEL=the lift
<USER_PROGRAM>
print("test")
</USER_PROGRAM>
</SECTION>

<SECTION=ATTEMPT>
<DATE/TIME=06-12-2020 12:56:20>
LEVEL=the lift
<USER_PROGRAM>
print("test")
</USER_PROGRAM>
</SECTION>

<SECTION=ATTEMPT>
<DATE/TIME=06-12-2020 12:56:20>
LEVEL=the lift
<USER_PROGRAM>
print("test")
</USER_PROGRAM>
</SECTION>

<SECTION=ATTEMPT>
<DATE/TIME=06-12-2020 12:56:20>
LEVEL=the lift
<USER_PROGRAM>
print("test")
</USER_PROGRAM>
</SECTION>

<SECTION=ATTEMPT>
<DATE/TIME=06-12-2020 12:56:20>
LEVEL=the lift
<USER_PROGRAM>
print("test")
</USER_PROGRAM>
</SECTION>

<SECTION=ATTEMPT>
<DATE/TIME=06-12-2020 12:56:20>
LEVEL=the lift
<USER_PROGRAM>
print("test")
</USER_PROGRAM>
</SECTION>

<SECTION=ATTEMPT>
<DATE/TIME=06-12-2020 12:56:20>
LEVEL=the lift
<USER_PROGRAM>
print("test")
</USER_PROGRAM>
</SECTION>

<SECTION=ATTEMPT>
<DATE/TIME=06-12-2020 12:56:20>
LEVEL=the lift
<USER_PROGRAM>
print("test")
</USER_PROGRAM>
</SECTION>

<SECTION=ATTEMPT>
<DATE/TIME=06-12-2020 12:56:20>
LEVEL=the lift
<USER_PROGRAM>
print("test")
</USER_PROGRAM>
</SECTION>

<SECTION=ATTEMPT>
<DATE/TIME=06-12-2020 12:56:20>
LEVEL=the lift
<USER_PROGRAM>
print("test")
</USER_PROGRAM>
</SECTION>

<SECTION=ATTEMPT>
<DATE/TIME=06-12-2020 12:56:20>
LEVEL=the lift
<USER_PROGRAM>
print("test")
</USER_PROGRAM>
</SECTION>

<SECTION=ATTEMPT>
<DATE/TIME=06-12-2020 12:56:20>
LEVEL=the lift
<USER_PROGRAM>
print("test")
</USER_PROGRAM>
</SECTION>

<SECTION=ATTEMPT>
<DATE/TIME=06-12-2020 12:56:20>
LEVEL=the lift
<USER_PROGRAM>
print("test")
</USER_PROGRAM>
</SECTION>

<SECTION=ATTEMPT>
<DATE/TIME=06-12-2020 12:56:21>
LEVEL=the lift
<USER_PROGRAM>
print("test")
</USER_PROGRAM>
</SECTION>

<SECTION=ATTEMPT>
<DATE/TIME=06-12-2020 12:56:21>
LEVEL=the lift
<USER_PROGRAM>
print("test")
</USER_PROGRAM>
</SECTION>

<SECTION=ATTEMPT>
<DATE/TIME=06-12-2020 12:56:21>
LEVEL=the lift
<USER_PROGRAM>
print("test")
</USER_PROGRAM>
</SECTION>

<SECTION=ATTEMPT>
<DATE/TIME=06-12-2020 12:56:21>
LEVEL=the lift
<USER_PROGRAM>
print("test")
</USER_PROGRAM>
</SECTION>

<SECTION=ATTEMPT>
<DATE/TIME=06-12-2020 12:56:21>
LEVEL=the lift
<USER_PROGRAM>
print("test")
</USER_PROGRAM>
</SECTION>

<SECTION=ATTEMPT>
<DATE/TIME=06-12-2020 12:56:21>
LEVEL=the lift
<USER_PROGRAM>
print("test")
</USER_PROGRAM>
</SECTION>

<SECTION=ATTEMPT>
<DATE/TIME=06-12-2020 12:56:21>
LEVEL=the lift
<USER_PROGRAM>
print("test")
</USER_PROGRAM>
</SECTION>

<SECTION=ATTEMPT>
<DATE/TIME=06-12-2020 12:56:21>
LEVEL=the lift
<USER_PROGRAM>
print("test")
</USER_PROGRAM>
</SECTION>

<SECTION=ATTEMPT>
<DATE/TIME=06-12-2020 12:56:21>
LEVEL=the lift
<USER_PROGRAM>
print("test")
</USER_PROGRAM>
</SECTION>

<SECTION=ATTEMPT>
<DATE/TIME=06-12-2020 12:56:21>
LEVEL=the lift
<USER_PROGRAM>
print("test")
</USER_PROGRAM>
</SECTION>

<SECTION=ATTEMPT>
<DATE/TIME=06-12-2020 12:56:21>
LEVEL=the lift
<USER_PROGRAM>
print("test")
</USER_PROGRAM>
</SECTION>

