<SECTION=HEADER>
<FILE_VERSION=0.1>
<DATE/TIME=06-12-2020 13:31:13>
<USER_NAME=dummy_user>
<CLASS_NAME=dummy_class>
</SECTION>

<SECTION=ATTEMPT>
<DATE/TIME=06-12-2020 13:31:23>
LEVEL=the lift
<USER_PROGRAM>
print("test")
</USER_PROGRAM>
</SECTION>

<SECTION=ATTEMPT>
<DATE/TIME=06-12-2020 13:31:24>
LEVEL=the lift
<USER_PROGRAM>
print("test")
</USER_PROGRAM>
</SECTION>

<SECTION=ATTEMPT>
<DATE/TIME=06-12-2020 13:31:25>
LEVEL=the lift
<USER_PROGRAM>
print("test")
</USER_PROGRAM>
</SECTION>

<SECTION=ATTEMPT>
<DATE/TIME=06-12-2020 13:31:26>
LEVEL=the lift
<USER_PROGRAM>
print("test")
</USER_PROGRAM>
</SECTION>

