<SECTION=HEADER>
<FILE_VERSION=0.1>
<DATE/TIME=06-12-2020 16:26:58>
<USER_NAME=dummy_user>
<CLASS_NAME=dummy_class>
</SECTION>

<SECTION=ATTEMPT>
<DATE/TIME=06-12-2020 16:27:03>
LEVEL=the lift
<USER_PROGRAM>
print(x)
</USER_PROGRAM>
<ERROR>
'x' is not defined.
</ERROR>
</SECTION>

<SECTION=ATTEMPT>
<DATE/TIME=06-12-2020 16:27:14>
LEVEL=the lift
<USER_PROGRAM>
x=2
print(x)
</USER_PROGRAM>
</SECTION>

<SECTION=ATTEMPT>
<DATE/TIME=06-12-2020 16:27:58>
LEVEL=the lift
<USER_PROGRAM>
x=2/0
print(x)
</USER_PROGRAM>
<ERROR>
'x' is not defined.
</ERROR>
</SECTION>

<SECTION=ATTEMPT>
<DATE/TIME=06-12-2020 16:28:15>
LEVEL=the lift
<USER_PROGRAM>
x=2/0
print(2/0)
</USER_PROGRAM>
<ERROR>
'x' is not defined.
</ERROR>
</SECTION>

<SECTION=ATTEMPT>
<DATE/TIME=06-12-2020 16:28:23>
LEVEL=the lift
<USER_PROGRAM>

print(2/0)
</USER_PROGRAM>
<ERROR>
'x' is not defined.
</ERROR>
</SECTION>

