<SECTION=HEADER>
<FILE_VERSION=0.1>
<DATE/TIME=06-12-2020 13:25:50>
<USER_NAME=dummy_user>
<CLASS_NAME=dummy_class>
</SECTION>

<SECTION=ATTEMPT>
<DATE/TIME=06-12-2020 13:25:58>
LEVEL=the lift
<USER_PROGRAM>
print("test")
</USER_PROGRAM>
</SECTION>

<SECTION=ATTEMPT>
<DATE/TIME=06-12-2020 13:26:00>
LEVEL=the lift
<USER_PROGRAM>
print("test")
</USER_PROGRAM>
</SECTION>

<SECTION=ATTEMPT>
<DATE/TIME=06-12-2020 13:26:02>
LEVEL=the lift
<USER_PROGRAM>
print("test")
</USER_PROGRAM>
</SECTION>

<SECTION=ATTEMPT>
<DATE/TIME=06-12-2020 13:26:28>
LEVEL=the lift
<USER_PROGRAM>
print("test")
</USER_PROGRAM>
</SECTION>

